superplayerdemo/build/intermediates/manifest_merge_blame_file/debug/manifest-merger-blame-debug-report.txt
1<?xml version="1.0" encoding="utf-8"?>
2<manifest xmlns:android="http://schemas.android.com/apk/res/android"
3    package="com.tencent.liteav.demo.player"
4    android:versionCode="1"
5    android:versionName="1.0" >
6
7    <uses-sdk
8        android:minSdkVersion="19"
8-->src/main/AndroidManifest.xml
9        android:targetSdkVersion="26" />
9-->src/main/AndroidManifest.xml
10
11    <application android:theme="@style/AppTheme" >
11-->src/main/AndroidManifest.xml:5:5-31:19
11-->src/main/AndroidManifest.xml:5:18-49
12        <activity
12-->src/main/AndroidManifest.xml:6:9-19:20
13            android:name="com.tencent.liteav.demo.player.demo.SuperPlayerActivity"
13-->src/main/AndroidManifest.xml:7:13-53
14            android:configChanges="orientation|keyboardHidden|screenSize"
14-->src/main/AndroidManifest.xml:8:13-74
15            android:label="@string/superplayer_app_name"
15-->src/main/AndroidManifest.xml:9:13-57
16            android:launchMode="singleTask"
16-->src/main/AndroidManifest.xml:10:13-44
17            android:screenOrientation="portrait"
17-->src/main/AndroidManifest.xml:11:13-49
18            android:windowSoftInputMode="stateHidden" >
18-->src/main/AndroidManifest.xml:12:13-54
19            <intent-filter>
19-->src/main/AndroidManifest.xml:13:13-18:29
20                <action android:name="com.tencent.liteav.demo.play.action.float.click" />
20-->src/main/AndroidManifest.xml:14:17-90
20-->src/main/AndroidManifest.xml:14:25-87
21                <action android:name="android.intent.action.MAIN" />
21-->src/main/AndroidManifest.xml:15:17-69
21-->src/main/AndroidManifest.xml:15:25-66
22
23                <category android:name="android.intent.category.DEFAULT" />
23-->src/main/AndroidManifest.xml:17:17-76
23-->src/main/AndroidManifest.xml:17:27-73
24            </intent-filter>
25        </activity>
26        <activity
26-->src/main/AndroidManifest.xml:21:9-23:52
27            android:name="com.tencent.liteav.demo.player.demo.QRCodeScanActivity"
27-->src/main/AndroidManifest.xml:22:13-52
28            android:screenOrientation="portrait" />
28-->src/main/AndroidManifest.xml:23:13-49
29
30        <receiver android:name="com.tencent.liteav.demo.player.expand.webdata.reveiver.WebDataReceiver" >
30-->src/main/AndroidManifest.xml:25:9-29:20
30-->src/main/AndroidManifest.xml:25:19-74
31            <intent-filter>
31-->src/main/AndroidManifest.xml:26:13-28:29
32                <action android:name="com.tencent.liteav.action.WED_DATA" />
32-->src/main/AndroidManifest.xml:27:17-77
32-->src/main/AndroidManifest.xml:27:25-74
33            </intent-filter>
34        </receiver>
35    </application>
36
37</manifest>